<?xml version="1.0" encoding="UTF-8"?>
<!-- Generated by org.testng.reporters.JUnitXMLReporter -->
<testsuite ignored="0" hostname="Sarojs-iMac.local" failures="0" tests="3" name="Default test" time="24.711" errors="0" timestamp="2024-01-08T22:42:41 EST">
  <testcase classname="testcases.ngan.Ngan_TestCase" name="addToCompare" time="6.381"/>
  <testcase classname="testcases.ngan.Ngan_TestCase" name="addToWishList" time="5.547"/>
  <testcase classname="testcases.ngan.Ngan_TestCase" name="logoTesting" time="3.003"/>
</testsuite> <!-- Default test -->
