<?xml version="1.0" encoding="UTF-8"?>
<testng-results ignored="0" total="3" passed="3" failed="0" skipped="0">
  <reporter-output>
  </reporter-output>
  <suite started-at="2024-01-08T22:42:16 EST" name="Default suite" finished-at="2024-01-08T22:42:41 EST" duration-ms="24711">
    <groups>
    </groups>
    <test started-at="2024-01-08T22:42:16 EST" name="Default test" finished-at="2024-01-08T22:42:41 EST" duration-ms="24711">
      <class name="testcases.ngan.Ngan_TestCase">
        <test-method is-config="true" signature="getDriver()[pri:0, instance:testcases.ngan.Ngan_TestCase@49ef32e0]" started-at="2024-01-08T22:42:16 EST" name="getDriver" finished-at="2024-01-08T22:42:16 EST" duration-ms="4" status="PASS">
          <reporter-output>
          </reporter-output>
        </test-method> <!-- getDriver -->
        <test-method is-config="true" signature="login()[pri:0, instance:testcases.ngan.Ngan_TestCase@49ef32e0]" started-at="2024-01-08T22:42:16 EST" name="login" finished-at="2024-01-08T22:42:18 EST" duration-ms="1889" status="PASS">
          <reporter-output>
          </reporter-output>
        </test-method> <!-- login -->
        <test-method signature="addToCompare()[pri:0, instance:testcases.ngan.Ngan_TestCase@49ef32e0]" started-at="2024-01-08T22:42:18 EST" name="addToCompare" finished-at="2024-01-08T22:42:24 EST" duration-ms="6381" status="PASS">
          <reporter-output>
          </reporter-output>
        </test-method> <!-- addToCompare -->
        <test-method is-config="true" signature="logOut()[pri:0, instance:testcases.ngan.Ngan_TestCase@49ef32e0]" started-at="2024-01-08T22:42:24 EST" name="logOut" finished-at="2024-01-08T22:42:25 EST" duration-ms="1070" status="PASS">
          <reporter-output>
          </reporter-output>
        </test-method> <!-- logOut -->
        <test-method is-config="true" signature="login()[pri:0, instance:testcases.ngan.Ngan_TestCase@49ef32e0]" started-at="2024-01-08T22:42:25 EST" name="login" finished-at="2024-01-08T22:42:28 EST" duration-ms="2342" status="PASS">
          <reporter-output>
          </reporter-output>
        </test-method> <!-- login -->
        <test-method signature="addToWishList()[pri:0, instance:testcases.ngan.Ngan_TestCase@49ef32e0]" started-at="2024-01-08T22:42:28 EST" name="addToWishList" finished-at="2024-01-08T22:42:33 EST" duration-ms="5547" status="PASS">
          <reporter-output>
          </reporter-output>
        </test-method> <!-- addToWishList -->
        <test-method is-config="true" signature="logOut()[pri:0, instance:testcases.ngan.Ngan_TestCase@49ef32e0]" started-at="2024-01-08T22:42:33 EST" name="logOut" finished-at="2024-01-08T22:42:34 EST" duration-ms="906" status="PASS">
          <reporter-output>
          </reporter-output>
        </test-method> <!-- logOut -->
        <test-method is-config="true" signature="login()[pri:0, instance:testcases.ngan.Ngan_TestCase@49ef32e0]" started-at="2024-01-08T22:42:34 EST" name="login" finished-at="2024-01-08T22:42:36 EST" duration-ms="2330" status="PASS">
          <reporter-output>
          </reporter-output>
        </test-method> <!-- login -->
        <test-method signature="logoTesting()[pri:0, instance:testcases.ngan.Ngan_TestCase@49ef32e0]" started-at="2024-01-08T22:42:36 EST" name="logoTesting" finished-at="2024-01-08T22:42:39 EST" duration-ms="3003" status="PASS">
          <reporter-output>
          </reporter-output>
        </test-method> <!-- logoTesting -->
        <test-method is-config="true" signature="logOut()[pri:0, instance:testcases.ngan.Ngan_TestCase@49ef32e0]" started-at="2024-01-08T22:42:39 EST" name="logOut" finished-at="2024-01-08T22:42:41 EST" duration-ms="1023" status="PASS">
          <reporter-output>
          </reporter-output>
        </test-method> <!-- logOut -->
        <test-method is-config="true" signature="tearDown()[pri:0, instance:testcases.ngan.Ngan_TestCase@49ef32e0]" started-at="2024-01-08T22:42:41 EST" name="tearDown" finished-at="2024-01-08T22:42:41 EST" duration-ms="193" status="PASS">
          <reporter-output>
          </reporter-output>
        </test-method> <!-- tearDown -->
      </class> <!-- testcases.ngan.Ngan_TestCase -->
    </test> <!-- Default test -->
  </suite> <!-- Default suite -->
</testng-results>
